0 info it worked if it ends with ok
1 verbose cli [ 'node', '/usr/local/bin/npm', 'install', 'zlib' ]
2 info using npm@2.12.1
3 info using node@v0.12.7
4 verbose node symlink /usr/local/bin/node
5 verbose install initial load of /Users/Guest/Desktop/stream-adventure/package.json
6 warn package.json stream-adventure@0.0.1 No README data
7 verbose installManyTop reading scoped package data from /Users/Guest/Desktop/stream-adventure/node_modules/concat-stream/package.json
8 verbose installManyTop reading scoped package data from /Users/Guest/Desktop/stream-adventure/node_modules/duplexer/package.json
9 verbose installManyTop reading scoped package data from /Users/Guest/Desktop/stream-adventure/node_modules/duplexer2/package.json
10 verbose installManyTop reading scoped package data from /Users/Guest/Desktop/stream-adventure/node_modules/request/package.json
11 verbose installManyTop reading scoped package data from /Users/Guest/Desktop/stream-adventure/node_modules/split/package.json
12 verbose installManyTop reading scoped package data from /Users/Guest/Desktop/stream-adventure/node_modules/stream-combiner/package.json
13 verbose installManyTop reading scoped package data from /Users/Guest/Desktop/stream-adventure/node_modules/through2/package.json
14 verbose installManyTop reading scoped package data from /Users/Guest/Desktop/stream-adventure/node_modules/trumpet/package.json
15 verbose installManyTop reading scoped package data from /Users/Guest/Desktop/stream-adventure/node_modules/websocket-stream/package.json
16 info package.json duplexer@0.1.1 No license field.
17 info package.json duplexer2@0.0.2 license should be a valid SPDX license expression
18 verbose readDependencies loading dependencies from /Users/Guest/Desktop/stream-adventure/package.json
19 silly cache add args [ 'zlib', null ]
20 verbose cache add spec zlib
21 silly cache add parsed spec { raw: 'zlib',
21 silly cache add   scope: null,
21 silly cache add   name: 'zlib',
21 silly cache add   rawSpec: '',
21 silly cache add   spec: '*',
21 silly cache add   type: 'range' }
22 silly addNamed zlib@*
23 verbose addNamed "*" is a valid semver range for zlib
24 silly addNameRange { name: 'zlib', range: '*', hasData: false }
25 silly mapToRegistry name zlib
26 silly mapToRegistry using default registry
27 silly mapToRegistry registry https://registry.npmjs.org/
28 silly mapToRegistry uri https://registry.npmjs.org/zlib
29 verbose addNameRange registry:https://registry.npmjs.org/zlib not in flight; fetching
30 verbose request uri https://registry.npmjs.org/zlib
31 verbose request no auth needed
32 info attempt registry request try #1 at 16:34:14
33 verbose request id a8ae289a203be107
34 http request GET https://registry.npmjs.org/zlib
35 http 200 https://registry.npmjs.org/zlib
36 silly get cb [ 200,
36 silly get   { server: 'CouchDB/1.5.0 (Erlang OTP/R16B03)',
36 silly get     etag: '"EBQNZSBGN9EL34IT3BLYCYHQA"',
36 silly get     'content-type': 'application/json',
36 silly get     'cache-control': 'max-age=60',
36 silly get     'content-length': '6082',
36 silly get     'accept-ranges': 'bytes',
36 silly get     date: 'Thu, 30 Jul 2015 23:34:14 GMT',
36 silly get     via: '1.1 varnish',
36 silly get     age: '0',
36 silly get     connection: 'keep-alive',
36 silly get     'x-served-by': 'cache-ord1735-ORD',
36 silly get     'x-cache': 'MISS',
36 silly get     'x-cache-hits': '0',
36 silly get     'x-timer': 'S1438299254.610644,VS0,VE43',
36 silly get     vary: 'Accept' } ]
37 verbose get saving zlib to /Users/Guest/.npm/registry.npmjs.org/zlib/.cache.json
38 silly addNameRange number 2 { name: 'zlib', range: '*', hasData: true }
39 silly addNameRange versions [ 'zlib',
39 silly addNameRange   [ '1.0.0', '1.0.1', '1.0.2', '1.0.3', '1.0.4', '1.0.5' ] ]
40 silly addNamed zlib@1.0.5
41 verbose addNamed "1.0.5" is a plain semver version for zlib
42 silly mapToRegistry name zlib
43 silly mapToRegistry using default registry
44 silly mapToRegistry registry https://registry.npmjs.org/
45 silly mapToRegistry uri https://registry.npmjs.org/zlib
46 verbose addRemoteTarball https://registry.npmjs.org/zlib/-/zlib-1.0.5.tgz not in flight; adding
47 verbose addRemoteTarball [ 'https://registry.npmjs.org/zlib/-/zlib-1.0.5.tgz',
47 verbose addRemoteTarball   '6e7c972fc371c645a6afb03ab14769def114fcc0' ]
48 info retry fetch attempt 1 at 16:34:14
49 info attempt registry request try #1 at 16:34:14
50 http fetch GET https://registry.npmjs.org/zlib/-/zlib-1.0.5.tgz
51 http fetch 200 https://registry.npmjs.org/zlib/-/zlib-1.0.5.tgz
52 silly fetchAndShaCheck shasum 6e7c972fc371c645a6afb03ab14769def114fcc0
53 verbose addTmpTarball /var/folders/zz/zyxvpxvq6csfxvn_n00000s4000069/T/npm-9092-e36150b4/registry.npmjs.org/zlib/-/zlib-1.0.5.tgz not in flight; adding
54 verbose addTmpTarball already have metadata; skipping unpack for zlib@1.0.5
55 silly cache afterAdd zlib@1.0.5
56 verbose afterAdd /Users/Guest/.npm/zlib/1.0.5/package/package.json not in flight; writing
57 verbose afterAdd /Users/Guest/.npm/zlib/1.0.5/package/package.json written
58 silly install resolved [ { name: 'zlib',
58 silly install resolved     description: 'Simple, synchronous deflate/inflate for buffers',
58 silly install resolved     version: '1.0.5',
58 silly install resolved     homepage: 'https://github.com/kkaefer/node-zlib',
58 silly install resolved     author: { name: 'Konstantin Käfer', email: 'kkaefer@gmail.com' },
58 silly install resolved     repository: { type: 'git', url: 'git://github.com/kkaefer/node-zlib.git' },
58 silly install resolved     engines: { node: '>=0.2.0' },
58 silly install resolved     licenses: [ [Object] ],
58 silly install resolved     main: './lib/zlib',
58 silly install resolved     _npmJsonOpts:
58 silly install resolved      { file: '/Users/kkaefer/.npm/zlib/1.0.5/package/package.json',
58 silly install resolved        contributors: false,
58 silly install resolved        serverjs: false,
58 silly install resolved        wscript: true },
58 silly install resolved     _id: 'zlib@1.0.5',
58 silly install resolved     scripts: { preinstall: 'node-waf clean || true; node-waf configure build' },
58 silly install resolved     dependencies: {},
58 silly install resolved     devDependencies: {},
58 silly install resolved     _engineSupported: true,
58 silly install resolved     _npmVersion: '1.0.23',
58 silly install resolved     _nodeVersion: 'v0.4.9',
58 silly install resolved     _defaultsLoaded: true,
58 silly install resolved     dist:
58 silly install resolved      { shasum: '6e7c972fc371c645a6afb03ab14769def114fcc0',
58 silly install resolved        tarball: 'http://registry.npmjs.org/zlib/-/zlib-1.0.5.tgz' },
58 silly install resolved     maintainers: [ [Object], [Object], [Object], [Object], [Object] ],
58 silly install resolved     directories: {},
58 silly install resolved     _shasum: '6e7c972fc371c645a6afb03ab14769def114fcc0',
58 silly install resolved     _resolved: 'https://registry.npmjs.org/zlib/-/zlib-1.0.5.tgz',
58 silly install resolved     _from: 'zlib@*' } ]
59 info install zlib@1.0.5 into /Users/Guest/Desktop/stream-adventure
60 info installOne zlib@1.0.5
61 verbose installOne of zlib to /Users/Guest/Desktop/stream-adventure not in flight; installing
62 verbose lock using /Users/Guest/.npm/_locks/zlib-6a8b9729e7a64aea.lock for /Users/Guest/Desktop/stream-adventure/node_modules/zlib
63 silly install write writing zlib 1.0.5 to /Users/Guest/Desktop/stream-adventure/node_modules/zlib
64 verbose unbuild node_modules/zlib
65 silly gentlyRm /Users/Guest/Desktop/stream-adventure/node_modules/zlib is being purged from base /Users/Guest/Desktop/stream-adventure
66 verbose gentlyRm don't care about contents; nuking /Users/Guest/Desktop/stream-adventure/node_modules/zlib
67 verbose tar unpack /Users/Guest/.npm/zlib/1.0.5/package.tgz
68 verbose tar unpacking to /Users/Guest/Desktop/stream-adventure/node_modules/zlib
69 silly gentlyRm /Users/Guest/Desktop/stream-adventure/node_modules/zlib is being purged
70 verbose gentlyRm don't care about contents; nuking /Users/Guest/Desktop/stream-adventure/node_modules/zlib
71 silly gunzTarPerm modes [ '755', '644' ]
72 silly gunzTarPerm extractEntry .gitignore
73 silly gunzTarPerm extractEntry configure
74 silly gunzTarPerm extractEntry index.js
75 silly gunzTarPerm extractEntry LICENSE
76 silly gunzTarPerm extractEntry Makefile
77 silly gunzTarPerm extractEntry package.json
78 silly gunzTarPerm extractEntry README.md
79 silly gunzTarPerm extractEntry wscript
80 silly gunzTarPerm extractEntry lib/zlib.js
81 silly gunzTarPerm extractEntry src/node-zlib.cc
82 silly gunzTarPerm extractEntry test/deflate.test.js
83 silly gunzTarPerm extractEntry test/inflate.test.js
84 verbose write writing to /Users/Guest/Desktop/stream-adventure/node_modules/zlib/package.json
85 info preinstall zlib@1.0.5
86 verbose unsafe-perm in lifecycle true
87 info zlib@1.0.5 Failed to exec preinstall script
88 verbose unlock done using /Users/Guest/.npm/_locks/zlib-6a8b9729e7a64aea.lock for /Users/Guest/Desktop/stream-adventure/node_modules/zlib
89 verbose stack Error: zlib@1.0.5 preinstall: `node-waf clean || true; node-waf configure build`
89 verbose stack spawn ENOENT
89 verbose stack     at ChildProcess.<anonymous> (/usr/local/lib/node_modules/npm/lib/utils/spawn.js:17:16)
89 verbose stack     at ChildProcess.emit (events.js:110:17)
89 verbose stack     at maybeClose (child_process.js:1015:16)
89 verbose stack     at Process.ChildProcess._handle.onexit (child_process.js:1087:5)
90 verbose pkgid zlib@1.0.5
91 verbose cwd /Users/Guest/Desktop/stream-adventure
92 error Darwin 14.1.0
93 error argv "node" "/usr/local/bin/npm" "install" "zlib"
94 error node v0.12.7
95 error npm  v2.12.1
96 error file sh
97 error code ELIFECYCLE
98 error errno ENOENT
99 error syscall spawn
100 error zlib@1.0.5 preinstall: `node-waf clean || true; node-waf configure build`
100 error spawn ENOENT
101 error Failed at the zlib@1.0.5 preinstall script 'node-waf clean || true; node-waf configure build'.
101 error This is most likely a problem with the zlib package,
101 error not with npm itself.
101 error Tell the author that this fails on your system:
101 error     node-waf clean || true; node-waf configure build
101 error You can get their info via:
101 error     npm owner ls zlib
101 error There is likely additional logging output above.
102 verbose exit [ 1, true ]
103 verbose unbuild node_modules/zlib
104 info preuninstall zlib@1.0.5
105 info uninstall zlib@1.0.5
106 verbose unbuild rmStuff zlib@1.0.5 from /Users/Guest/Desktop/stream-adventure/node_modules
107 info postuninstall zlib@1.0.5
108 silly gentlyRm /Users/Guest/Desktop/stream-adventure/node_modules/zlib is being purged from base /Users/Guest/Desktop/stream-adventure
109 verbose gentlyRm don't care about contents; nuking /Users/Guest/Desktop/stream-adventure/node_modules/zlib
110 silly vacuum-fs purging /Users/Guest/Desktop/stream-adventure/node_modules/zlib
111 silly vacuum-fs quitting because other entries in /Users/Guest/Desktop/stream-adventure/node_modules
